0 info it worked if it ends with ok
1 verbose cli [ '/Users/ssgujral/projects/emsdk_portable/node/4.1.1_64bit/bin/node',
1 verbose cli   '/Users/ssgujral/projects/emsdk_portable/node/4.1.1_64bit/bin/npm',
1 verbose cli   'install',
1 verbose cli   'python2' ]
2 info using npm@2.14.4
3 info using node@v4.1.1
4 verbose install initial load of /Users/ssgujral/projects/jsartoolkit5/package.json
5 verbose readDependencies loading dependencies from /Users/ssgujral/projects/jsartoolkit5/package.json
6 silly cache add args [ 'python2', null ]
7 verbose cache add spec python2
8 silly cache add parsed spec Result {
8 silly cache add   raw: 'python2',
8 silly cache add   scope: null,
8 silly cache add   name: 'python2',
8 silly cache add   rawSpec: '',
8 silly cache add   spec: '*',
8 silly cache add   type: 'range' }
9 silly addNamed python2@*
10 verbose addNamed "*" is a valid semver range for python2
11 silly addNameRange { name: 'python2', range: '*', hasData: false }
12 silly mapToRegistry name python2
13 silly mapToRegistry using default registry
14 silly mapToRegistry registry https://registry.npmjs.org/
15 silly mapToRegistry uri https://registry.npmjs.org/python2
16 verbose addNameRange registry:https://registry.npmjs.org/python2 not in flight; fetching
17 verbose request uri https://registry.npmjs.org/python2
18 verbose request no auth needed
19 info attempt registry request try #1 at 11:26:10 AM
20 verbose request id d80117d2778b9554
21 http request GET https://registry.npmjs.org/python2
22 http 404 https://registry.npmjs.org/python2
23 verbose headers { 'content-type': 'application/json',
23 verbose headers   'cache-control': 'max-age=0',
23 verbose headers   'content-length': '2',
23 verbose headers   'accept-ranges': 'bytes',
23 verbose headers   date: 'Thu, 12 May 2016 18:26:10 GMT',
23 verbose headers   via: '1.1 varnish',
23 verbose headers   age: '0',
23 verbose headers   connection: 'keep-alive',
23 verbose headers   'x-served-by': 'cache-sjc3128-SJC',
23 verbose headers   'x-cache': 'MISS',
23 verbose headers   'x-cache-hits': '0',
23 verbose headers   'x-timer': 'S1463077570.481614,VS0,VE42',
23 verbose headers   vary: 'Accept-Encoding' }
24 silly get cb [ 404,
24 silly get   { 'content-type': 'application/json',
24 silly get     'cache-control': 'max-age=0',
24 silly get     'content-length': '2',
24 silly get     'accept-ranges': 'bytes',
24 silly get     date: 'Thu, 12 May 2016 18:26:10 GMT',
24 silly get     via: '1.1 varnish',
24 silly get     age: '0',
24 silly get     connection: 'keep-alive',
24 silly get     'x-served-by': 'cache-sjc3128-SJC',
24 silly get     'x-cache': 'MISS',
24 silly get     'x-cache-hits': '0',
24 silly get     'x-timer': 'S1463077570.481614,VS0,VE42',
24 silly get     vary: 'Accept-Encoding' } ]
25 verbose stack Error: Registry returned 404 for GET on https://registry.npmjs.org/python2
25 verbose stack     at makeError (/Users/ssgujral/projects/emsdk_portable/node/4.1.1_64bit/lib/node_modules/npm/node_modules/npm-registry-client/lib/request.js:263:12)
25 verbose stack     at CachingRegistryClient.<anonymous> (/Users/ssgujral/projects/emsdk_portable/node/4.1.1_64bit/lib/node_modules/npm/node_modules/npm-registry-client/lib/request.js:241:14)
25 verbose stack     at Request._callback (/Users/ssgujral/projects/emsdk_portable/node/4.1.1_64bit/lib/node_modules/npm/node_modules/npm-registry-client/lib/request.js:171:14)
25 verbose stack     at Request.self.callback (/Users/ssgujral/projects/emsdk_portable/node/4.1.1_64bit/lib/node_modules/npm/node_modules/request/request.js:198:22)
25 verbose stack     at emitTwo (events.js:87:13)
25 verbose stack     at Request.emit (events.js:172:7)
25 verbose stack     at Request.<anonymous> (/Users/ssgujral/projects/emsdk_portable/node/4.1.1_64bit/lib/node_modules/npm/node_modules/request/request.js:1073:14)
25 verbose stack     at emitOne (events.js:82:20)
25 verbose stack     at Request.emit (events.js:169:7)
25 verbose stack     at IncomingMessage.<anonymous> (/Users/ssgujral/projects/emsdk_portable/node/4.1.1_64bit/lib/node_modules/npm/node_modules/request/request.js:1019:12)
26 verbose statusCode 404
27 verbose pkgid python2
28 verbose cwd /Users/ssgujral/projects/jsartoolkit5
29 error Darwin 15.4.0
30 error argv "/Users/ssgujral/projects/emsdk_portable/node/4.1.1_64bit/bin/node" "/Users/ssgujral/projects/emsdk_portable/node/4.1.1_64bit/bin/npm" "install" "python2"
31 error node v4.1.1
32 error npm  v2.14.4
33 error code E404
34 error 404 Registry returned 404 for GET on https://registry.npmjs.org/python2
34 error 404
34 error 404 'python2' is not in the npm registry.
34 error 404 You should bug the author to publish it (or use the name yourself!)
34 error 404 It was specified as a dependency of 'jsartoolkit'
34 error 404
34 error 404 Note that you can also install from a
34 error 404 tarball, folder, http url, or git url.
35 verbose exit [ 1, true ]
